<?xml version="1.0" encoding="UTF-8"?>
<testsuite xmlns:xsi="http://www.w3.org/2001/XMLSchema-instance" xsi:noNamespaceSchemaLocation="https://maven.apache.org/surefire/maven-surefire-plugin/xsd/surefire-test-report.xsd" version="3.0.2" name="com.ttcs.tenant.auth.AuthControllerIntegrationTest" time="19.813" tests="3" errors="0" skipped="0" failures="0">
  <properties>
[...]
</properties>
  <testcase name="validPasswordIsNeverReturnedInResponse" classname="com.ttcs.tenant.auth.AuthControllerIntegrationTest" time="3.355">
    <system-out><![CDATA[01:49:52.694 [main] INFO org.springframework.test.context.support.AnnotationConfigContextLoaderUtils -- Could not detect default configuration classes for test class [com.ttcs.tenant.auth.AuthControllerIntegrationTest]: AuthControllerIntegrationTest does not declare any static, non-private, non-final, nested classes annotated with @Configuration.
01:49:53.114 [main] INFO org.springframework.boot.test.context.SpringBootTestContextBootstrapper -- Found @SpringBootConfiguration com.ttcs.tenant.TenantRegistrationApplication for test class com.ttcs.tenant.auth.AuthControllerIntegrationTest

  .   ____          _            __ _ _
 /\\ / ___'_ __ _ _(_)_ __  __ _ \ \ \ \
( ( )\___ | '_ | '_| | '_ \/ _` | \ \ \ \
 \\/  ___)| |_)| | | | | || (_| |  ) ) ) )
  '  |____| .__|_| |_|_| |_\__, | / / / /
 =========|_|==============|___/=/_/_/_/

 :: Spring Boot ::                (v3.4.1)

2026-09-26T01:49:54.821+07:00  INFO 13140 --- [           main] c.t.t.a.AuthControllerIntegrationTest    : Starting AuthControllerIntegrationTest using Java 17.0.20.1 with PID 13140 (started by Admin in D:\TTCS_T926_K12C3_N1\backend)
2026-09-26T01:49:54.824+07:00  INFO 13140 --- [           main] c.t.t.a.AuthControllerIntegrationTest    : The following 1 profile is active: "test"
2026-09-26T01:49:57.804+07:00  INFO 13140 --- [           main] .s.d.r.c.RepositoryConfigurationDelegate : Bootstrapping Spring Data JPA repositories in DEFAULT mode.
2026-09-26T01:49:58.066+07:00  INFO 13140 --- [           main] .s.d.r.c.RepositoryConfigurationDelegate : Finished Spring Data repository scanning in 223 ms. Found 1 JPA repository interface.
2026-09-26T01:49:59.653+07:00  INFO 13140 --- [           main] o.hibernate.jpa.internal.util.LogHelper  : HHH000204: Processing PersistenceUnitInfo [name: default]
2026-09-26T01:49:59.927+07:00  INFO 13140 --- [           main] org.hibernate.Version                    : HHH000412: Hibernate ORM core version 6.6.4.Final
2026-09-26T01:50:00.110+07:00  INFO 13140 --- [           main] o.h.c.internal.RegionFactoryInitiator    : HHH000026: Second-level cache disabled
2026-09-26T01:50:01.665+07:00  INFO 13140 --- [           main] o.s.o.j.p.SpringPersistenceUnitInfo      : No LoadTimeWeaver setup: ignoring JPA class transformer
2026-09-26T01:50:01.759+07:00  INFO 13140 --- [           main] com.zaxxer.hikari.HikariDataSource       : HikariPool-1 - Starting...
2026-09-26T01:50:02.341+07:00  INFO 13140 --- [           main] com.zaxxer.hikari.pool.HikariPool        : HikariPool-1 - Added connection conn0: url=jdbc:h2:mem:tenant_test user=SA
2026-09-26T01:50:02.348+07:00  INFO 13140 --- [           main] com.zaxxer.hikari.HikariDataSource       : HikariPool-1 - Start completed.
2026-09-26T01:50:02.609+07:00  INFO 13140 --- [           main] org.hibernate.orm.connections.pooling    : HHH10001005: Database info:
	Database JDBC URL [Connecting through datasource 'HikariDataSource (HikariPool-1)']
	Database driver: undefined/unknown
	Database version: 2.3.232
	Autocommit mode: undefined/unknown
	Isolation level: undefined/unknown
	Minimum pool size: undefined/unknown
	Maximum pool size: undefined/unknown
2026-09-26T01:50:04.619+07:00  INFO 13140 --- [           main] o.h.e.t.j.p.i.JtaPlatformInitiator       : HHH000489: No JTA platform available (set 'hibernate.transaction.jta.platform' to enable JTA platform integration)
2026-09-26T01:50:04.685+07:00  INFO 13140 --- [           main] j.LocalContainerEntityManagerFactoryBean : Initialized JPA EntityManagerFactory for persistence unit 'default'
2026-09-26T01:50:06.003+07:00  WARN 13140 --- [           main] .s.s.UserDetailsServiceAutoConfiguration : 

Using generated security password: 44b3e23c-8185-4309-bf1a-4ca688d09836

This generated password is for development use only. Your security configuration must be updated before running your application in production.

2026-09-26T01:50:06.032+07:00  INFO 13140 --- [           main] r$InitializeUserDetailsManagerConfigurer : Global AuthenticationManager configured with UserDetailsService bean with name inMemoryUserDetailsManager
2026-09-26T01:50:08.100+07:00  INFO 13140 --- [           main] o.s.b.t.m.w.SpringBootMockServletContext : Initializing Spring TestDispatcherServlet ''
2026-09-26T01:50:08.101+07:00  INFO 13140 --- [           main] o.s.t.web.servlet.TestDispatcherServlet  : Initializing Servlet ''
2026-09-26T01:50:08.106+07:00  INFO 13140 --- [           main] o.s.t.web.servlet.TestDispatcherServlet  : Completed initialization in 4 ms
2026-09-26T01:50:08.180+07:00  INFO 13140 --- [           main] c.t.t.a.AuthControllerIntegrationTest    : Started AuthControllerIntegrationTest in 14.505 seconds (process running for 17.486)
]]></system-out>
  </testcase>
  <testcase name="validRegistrationCreatesTenantAndReturnsTokens" classname="com.ttcs.tenant.auth.AuthControllerIntegrationTest" time="0.372"/>
  <testcase name="invalidPhoneAndWeakPasswordReturnFieldErrors" classname="com.ttcs.tenant.auth.AuthControllerIntegrationTest" time="0.068"/>
</testsuite>